This file contains any messages produced by compilers while
running configure, to aid debugging if configure makes a mistake.

It was created by configure, which was
generated by GNU Autoconf 2.68.  Invocation command line was

  $ ./configure 

## --------- ##
## Platform. ##
## --------- ##

hostname = Carolines-MacBook-Air.local
uname -m = x86_64
uname -r = 16.7.0
uname -s = Darwin
uname -v = Darwin Kernel Version 16.7.0: Thu Jun 15 17:36:27 PDT 2017; root:xnu-3789.70.16~2/RELEASE_X86_64

/usr/bin/uname -p = i386
/bin/uname -X     = unknown

/bin/arch              = unknown
/usr/bin/arch -k       = unknown
/usr/convex/getsysinfo = unknown
/usr/bin/hostinfo      = Mach kernel version:
	 Darwin Kernel Version 16.7.0: Thu Jun 15 17:36:27 PDT 2017; root:xnu-3789.70.16~2/RELEASE_X86_64
Kernel configured for up to 4 processors.
2 processors are physically available.
4 processors are logically available.
Processor type: x86_64h (Intel x86-64h Haswell)
Processors active: 0 1 2 3
Primary memory available: 4.00 gigabytes
Default processor set: 221 tasks, 1326 threads, 4 processors
Load average: 2.90, Mach factor: 1.17
/bin/machine           = unknown
/usr/bin/oslevel       = unknown
/bin/universe          = unknown

PATH: /Users/caroline/anaconda/bin
PATH: /Library/Java/JavaVirtualMachines/jdk1.8.0_121.jdk/Contents/Home/bin
PATH: /bin
PATH: /Users/caroline/anaconda/bin
PATH: /Users/caroline/anaconda/bin
PATH: /usr/local/bin
PATH: /usr/bin
PATH: /bin
PATH: /usr/sbin
PATH: /sbin
PATH: /Library/TeX/texbin
PATH: /usr/local/mysql/bin
PATH: .


## ----------- ##
## Core tests. ##
## ----------- ##

configure:2549: checking for a BSD-compatible install
configure:2617: result: /usr/bin/install -c
configure:2628: checking whether build environment is sane
configure:2678: result: yes
configure:2819: checking for a thread-safe mkdir -p
configure:2858: result: ./install-sh -c -d
configure:2871: checking for gawk
configure:2901: result: no
configure:2871: checking for mawk
configure:2901: result: no
configure:2871: checking for nawk
configure:2901: result: no
configure:2871: checking for awk
configure:2887: found /usr/bin/awk
configure:2898: result: awk
configure:2909: checking whether make sets $(MAKE)
configure:2931: result: yes
configure:3060: checking for gcc
configure:3076: found /usr/bin/gcc
configure:3087: result: gcc
configure:3316: checking for C compiler version
configure:3325: gcc --version >&5
Apple LLVM version 9.0.0 (clang-900.0.38)
Target: x86_64-apple-darwin16.7.0
Thread model: posix
InstalledDir: /Library/Developer/CommandLineTools/usr/bin
Configured with: --prefix=/Library/Developer/CommandLineTools/usr --with-gxx-include-dir=/usr/include/c++/4.2.1
configure:3336: $? = 0
configure:3325: gcc -v >&5
Configured with: --prefix=/Library/Developer/CommandLineTools/usr --with-gxx-include-dir=/usr/include/c++/4.2.1
Apple LLVM version 9.0.0 (clang-900.0.38)
Target: x86_64-apple-darwin16.7.0
Thread model: posix
InstalledDir: /Library/Developer/CommandLineTools/usr/bin
configure:3336: $? = 0
configure:3325: gcc -V >&5
clang: error: argument to '-V' is missing (expected 1 value)
clang: error: no input files
configure:3336: $? = 1
configure:3325: gcc -qversion >&5
clang: error: unknown argument: '-qversion'
clang: error: no input files
configure:3336: $? = 1
configure:3356: checking whether the C compiler works
configure:3378: gcc    conftest.c  >&5
configure:3382: $? = 0
configure:3430: result: yes
configure:3433: checking for C compiler default output file name
configure:3435: result: a.out
configure:3441: checking for suffix of executables
configure:3448: gcc -o conftest    conftest.c  >&5
configure:3452: $? = 0
configure:3474: result: 
configure:3496: checking whether we are cross compiling
configure:3504: gcc -o conftest    conftest.c  >&5
configure:3508: $? = 0
configure:3515: ./conftest
configure:3519: $? = 0
configure:3534: result: no
configure:3539: checking for suffix of object files
configure:3561: gcc -c   conftest.c >&5
configure:3565: $? = 0
configure:3586: result: o
configure:3590: checking whether we are using the GNU C compiler
configure:3609: gcc -c   conftest.c >&5
configure:3609: $? = 0
configure:3618: result: yes
configure:3627: checking whether gcc accepts -g
configure:3647: gcc -c -g  conftest.c >&5
configure:3647: $? = 0
configure:3688: result: yes
configure:3705: checking for gcc option to accept ISO C89
configure:3769: gcc  -c -g -O2  conftest.c >&5
configure:3769: $? = 0
configure:3782: result: none needed
configure:3813: checking for style of include used by make
configure:3841: result: GNU
configure:3867: checking dependency style of gcc
configure:3978: result: gcc3
configure:4051: checking for g++
configure:4067: found /usr/bin/g++
configure:4078: result: g++
configure:4105: checking for C++ compiler version
configure:4114: g++ --version >&5
Apple LLVM version 9.0.0 (clang-900.0.38)
Target: x86_64-apple-darwin16.7.0
Thread model: posix
InstalledDir: /Library/Developer/CommandLineTools/usr/bin
Configured with: --prefix=/Library/Developer/CommandLineTools/usr --with-gxx-include-dir=/usr/include/c++/4.2.1
configure:4125: $? = 0
configure:4114: g++ -v >&5
Configured with: --prefix=/Library/Developer/CommandLineTools/usr --with-gxx-include-dir=/usr/include/c++/4.2.1
Apple LLVM version 9.0.0 (clang-900.0.38)
Target: x86_64-apple-darwin16.7.0
Thread model: posix
InstalledDir: /Library/Developer/CommandLineTools/usr/bin
configure:4125: $? = 0
configure:4114: g++ -V >&5
clang: error: argument to '-V' is missing (expected 1 value)
clang: error: no input files
configure:4125: $? = 1
configure:4114: g++ -qversion >&5
clang: error: unknown argument: '-qversion'
clang: error: no input files
configure:4125: $? = 1
configure:4129: checking whether we are using the GNU C++ compiler
configure:4148: g++ -c   conftest.cpp >&5
configure:4148: $? = 0
configure:4157: result: yes
configure:4166: checking whether g++ accepts -g
configure:4186: g++ -c -g  conftest.cpp >&5
configure:4186: $? = 0
configure:4227: result: yes
configure:4252: checking dependency style of g++
configure:4363: result: gcc3
configure:4384: checking how to run the C preprocessor
configure:4415: gcc -E  conftest.c
configure:4415: $? = 0
configure:4429: gcc -E  conftest.c
conftest.c:11:10: fatal error: 'ac_nonexistent.h' file not found
#include <ac_nonexistent.h>
         ^~~~~~~~~~~~~~~~~~
1 error generated.
configure:4429: $? = 1
configure: failed program was:
| /* confdefs.h */
| #define PACKAGE_NAME ""
| #define PACKAGE_TARNAME ""
| #define PACKAGE_VERSION ""
| #define PACKAGE_STRING ""
| #define PACKAGE_BUGREPORT ""
| #define PACKAGE_URL ""
| #define PACKAGE "CRF++"
| #define VERSION "0.58"
| /* end confdefs.h.  */
| #include <ac_nonexistent.h>
configure:4454: result: gcc -E
configure:4474: gcc -E  conftest.c
configure:4474: $? = 0
configure:4488: gcc -E  conftest.c
conftest.c:11:10: fatal error: 'ac_nonexistent.h' file not found
#include <ac_nonexistent.h>
         ^~~~~~~~~~~~~~~~~~
1 error generated.
configure:4488: $? = 1
configure: failed program was:
| /* confdefs.h */
| #define PACKAGE_NAME ""
| #define PACKAGE_TARNAME ""
| #define PACKAGE_VERSION ""
| #define PACKAGE_STRING ""
| #define PACKAGE_BUGREPORT ""
| #define PACKAGE_URL ""
| #define PACKAGE "CRF++"
| #define VERSION "0.58"
| /* end confdefs.h.  */
| #include <ac_nonexistent.h>
configure:4517: checking for grep that handles long lines and -e
configure:4575: result: /usr/bin/grep
configure:4580: checking for egrep
configure:4642: result: /usr/bin/grep -E
configure:4648: checking whether gcc needs -traditional
conftest.c:11:10: fatal error: 'termio.h' file not found
#include <termio.h>
         ^~~~~~~~~~
1 error generated.
configure:4682: result: no
configure:4689: checking whether make sets $(MAKE)
configure:4711: result: yes
configure:4720: checking for library containing strerror
configure:4751: gcc -o conftest -g -O2   conftest.c  >&5
conftest.c:18:6: warning: incompatible redeclaration of library function 'strerror' [-Wincompatible-library-redeclaration]
char strerror ();
     ^
conftest.c:18:6: note: 'strerror' is a builtin with type 'char *(int)'
1 warning generated.
configure:4751: $? = 0
configure:4768: result: none required
configure:4780: checking build system type
configure:4794: result: x86_64-apple-darwin16.7.0
configure:4814: checking host system type
configure:4827: result: x86_64-apple-darwin16.7.0
configure:4905: checking how to print strings
configure:4932: result: printf
configure:4953: checking for a sed that does not truncate output
configure:5017: result: /usr/bin/sed
configure:5035: checking for fgrep
configure:5097: result: /usr/bin/grep -F
configure:5132: checking for ld used by gcc
configure:5199: result: /Library/Developer/CommandLineTools/usr/bin/ld
configure:5206: checking if the linker (/Library/Developer/CommandLineTools/usr/bin/ld) is GNU ld
configure:5221: result: no
configure:5233: checking for BSD- or MS-compatible name lister (nm)
configure:5282: result: /usr/bin/nm -B
configure:5412: checking the name lister (/usr/bin/nm -B) interface
configure:5419: g++ -c -g -O2  conftest.cpp >&5
configure:5422: /usr/bin/nm -B "conftest.o"
configure:5425: output
00000000000001d4 S _some_variable
configure:5432: result: BSD nm
configure:5435: checking whether ln -s works
configure:5439: result: yes
configure:5447: checking the maximum length of command line arguments
configure:5577: result: 196608
configure:5594: checking whether the shell understands some XSI constructs
configure:5604: result: yes
configure:5608: checking whether the shell understands "+="
configure:5614: result: yes
configure:5649: checking how to convert x86_64-apple-darwin16.7.0 file names to x86_64-apple-darwin16.7.0 format
configure:5689: result: func_convert_file_noop
configure:5696: checking how to convert x86_64-apple-darwin16.7.0 file names to toolchain format
configure:5716: result: func_convert_file_noop
configure:5723: checking for /Library/Developer/CommandLineTools/usr/bin/ld option to reload object files
configure:5730: result: -r
configure:5804: checking for objdump
configure:5820: found /usr/bin/objdump
configure:5831: result: objdump
configure:5863: checking how to recognize dependent libraries
configure:6065: result: pass_all
configure:6150: checking for dlltool
configure:6180: result: no
configure:6210: checking how to associate runtime and link libraries
configure:6237: result: printf %s\n
configure:6298: checking for ar
configure:6314: found /usr/bin/ar
configure:6325: result: ar
configure:6362: checking for archiver @FILE support
configure:6379: g++ -c -g -O2  conftest.cpp >&5
configure:6379: $? = 0
configure:6382: ar cru libconftest.a @conftest.lst >&5
ar: @conftest.lst: No such file or directory
configure:6385: $? = 1
configure:6405: result: no
configure:6463: checking for strip
configure:6479: found /usr/bin/strip
configure:6490: result: strip
configure:6562: checking for ranlib
configure:6578: found /usr/bin/ranlib
configure:6589: result: ranlib
configure:6691: checking command to parse /usr/bin/nm -B output from gcc object
configure:6811: g++ -c -g -O2  conftest.cpp >&5
configure:6814: $? = 0
configure:6818: /usr/bin/nm -B conftest.o \| sed -n -e 's/^.*[ ]\([BCDEGRST][BCDEGRST]*\)[ ][ ]*\([_A-Za-z][_A-Za-z0-9]*\)$/\1 \2 \2/p' | sed '/ __gnu_lto/d' \> conftest.nm
configure:6821: $? = 0
cannot find nm_test_var in conftest.nm
configure:6811: g++ -c -g -O2  conftest.cpp >&5
configure:6814: $? = 0
configure:6818: /usr/bin/nm -B conftest.o \| sed -n -e 's/^.*[ ]\([BCDEGRST][BCDEGRST]*\)[ ][ ]*_\([_A-Za-z][_A-Za-z0-9]*\)$/\1 _\2 \2/p' | sed '/ __gnu_lto/d' \> conftest.nm
configure:6821: $? = 0
configure:6887: g++ -o conftest -g -O2   conftest.cpp conftstm.o >&5
configure:6890: $? = 0
configure:6928: result: ok
configure:6965: checking for sysroot
configure:6995: result: no
configure:7251: checking for mt
configure:7281: result: no
configure:7301: checking if : is a manifest tool
configure:7307: : '-?'
configure:7315: result: no
configure:7371: checking for dsymutil
configure:7387: found /usr/bin/dsymutil
configure:7398: result: dsymutil
configure:7463: checking for nmedit
configure:7479: found /usr/bin/nmedit
configure:7490: result: nmedit
configure:7555: checking for lipo
configure:7571: found /usr/bin/lipo
configure:7582: result: lipo
configure:7647: checking for otool
configure:7663: found /usr/bin/otool
configure:7674: result: otool
configure:7739: checking for otool64
configure:7769: result: no
configure:7814: checking for -single_module linker flag
gcc -g -O2  -o libconftest.dylib -dynamiclib -Wl,-single_module conftest.c
configure:7847: result: yes
configure:7850: checking for -exported_symbols_list linker flag
configure:7870: g++ -o conftest -g -O2   -Wl,-exported_symbols_list,conftest.sym conftest.cpp  >&5
configure:7870: $? = 0
configure:7880: result: yes
configure:7883: checking for -force_load linker flag
gcc -g -O2 -c -o conftest.o conftest.c
ar cru libconftest.a conftest.o
ranlib libconftest.a
gcc -g -O2  -o conftest conftest.c -Wl,-force_load,./libconftest.a
configure:7915: result: yes
configure:7952: checking for ANSI C header files
configure:7972: g++ -c -g -O2  conftest.cpp >&5
configure:7972: $? = 0
./configure: line 7986: ./conftest.cpp: Permission denied
configure:8056: result: no
configure:8069: checking for sys/types.h
configure:8069: g++ -c -g -O2  conftest.cpp >&5
configure:8069: $? = 0
configure:8069: result: yes
configure:8069: checking for sys/stat.h
configure:8069: g++ -c -g -O2  conftest.cpp >&5
configure:8069: $? = 0
configure:8069: result: yes
configure:8069: checking for stdlib.h
configure:8069: g++ -c -g -O2  conftest.cpp >&5
configure:8069: $? = 0
configure:8069: result: yes
configure:8069: checking for string.h
configure:8069: g++ -c -g -O2  conftest.cpp >&5
configure:8069: $? = 0
configure:8069: result: yes
configure:8069: checking for memory.h
configure:8069: g++ -c -g -O2  conftest.cpp >&5
configure:8069: $? = 0
configure:8069: result: yes
configure:8069: checking for strings.h
configure:8069: g++ -c -g -O2  conftest.cpp >&5
configure:8069: $? = 0
configure:8069: result: yes
configure:8069: checking for inttypes.h
configure:8069: g++ -c -g -O2  conftest.cpp >&5
configure:8069: $? = 0
configure:8069: result: yes
configure:8069: checking for stdint.h
configure:8069: g++ -c -g -O2  conftest.cpp >&5
configure:8069: $? = 0
configure:8069: result: yes
configure:8069: checking for unistd.h
configure:8069: g++ -c -g -O2  conftest.cpp >&5
configure:8069: $? = 0
configure:8069: result: yes
configure:8083: checking for dlfcn.h
configure:8083: g++ -c -g -O2  conftest.cpp >&5
configure:8083: $? = 0
configure:8083: result: yes
configure:8299: checking for objdir
configure:8314: result: .libs
configure:8581: checking if gcc supports -fno-rtti -fno-exceptions
configure:8599: gcc -c -g -O2  -fno-rtti -fno-exceptions conftest.c >&5
configure:8603: $? = 0
configure:8616: result: yes
configure:8943: checking for gcc option to produce PIC
configure:8950: result: -fno-common -DPIC
configure:8958: checking if gcc PIC flag -fno-common -DPIC works
configure:8976: gcc -c -g -O2  -fno-common -DPIC -DPIC conftest.c >&5
configure:8980: $? = 0
configure:8993: result: yes
configure:9022: checking if gcc static flag -static works
configure:9050: result: no
configure:9065: checking if gcc supports -c -o file.o
configure:9086: gcc -c -g -O2  -o out/conftest2.o conftest.c >&5
configure:9090: $? = 0
configure:9112: result: yes
configure:9120: checking if gcc supports -c -o file.o
configure:9167: result: yes
configure:9200: checking whether the gcc linker (/Library/Developer/CommandLineTools/usr/bin/ld) supports shared libraries
configure:10357: result: yes
configure:10597: checking dynamic linker characteristics
configure:11342: result: darwin16.7.0 dyld
configure:11449: checking how to hardcode library paths into programs
configure:11474: result: immediate
configure:12014: checking whether stripping libraries is possible
configure:12028: result: yes
configure:12054: checking if libtool supports shared libraries
configure:12056: result: yes
configure:12059: checking whether to build shared libraries
configure:12080: result: yes
configure:12083: checking whether to build static libraries
configure:12087: result: yes
configure:12110: checking how to run the C++ preprocessor
configure:12137: g++ -E  conftest.cpp
configure:12137: $? = 0
configure:12151: g++ -E  conftest.cpp
conftest.cpp:22:10: fatal error: 'ac_nonexistent.h' file not found
#include <ac_nonexistent.h>
         ^~~~~~~~~~~~~~~~~~
1 error generated.
configure:12151: $? = 1
configure: failed program was:
| /* confdefs.h */
| #define PACKAGE_NAME ""
| #define PACKAGE_TARNAME ""
| #define PACKAGE_VERSION ""
| #define PACKAGE_STRING ""
| #define PACKAGE_BUGREPORT ""
| #define PACKAGE_URL ""
| #define PACKAGE "CRF++"
| #define VERSION "0.58"
| #define HAVE_SYS_TYPES_H 1
| #define HAVE_SYS_STAT_H 1
| #define HAVE_STDLIB_H 1
| #define HAVE_STRING_H 1
| #define HAVE_MEMORY_H 1
| #define HAVE_STRINGS_H 1
| #define HAVE_INTTYPES_H 1
| #define HAVE_STDINT_H 1
| #define HAVE_UNISTD_H 1
| #define HAVE_DLFCN_H 1
| #define LT_OBJDIR ".libs/"
| /* end confdefs.h.  */
| #include <ac_nonexistent.h>
configure:12176: result: g++ -E
configure:12196: g++ -E  conftest.cpp
configure:12196: $? = 0
configure:12210: g++ -E  conftest.cpp
conftest.cpp:22:10: fatal error: 'ac_nonexistent.h' file not found
#include <ac_nonexistent.h>
         ^~~~~~~~~~~~~~~~~~
1 error generated.
configure:12210: $? = 1
configure: failed program was:
| /* confdefs.h */
| #define PACKAGE_NAME ""
| #define PACKAGE_TARNAME ""
| #define PACKAGE_VERSION ""
| #define PACKAGE_STRING ""
| #define PACKAGE_BUGREPORT ""
| #define PACKAGE_URL ""
| #define PACKAGE "CRF++"
| #define VERSION "0.58"
| #define HAVE_SYS_TYPES_H 1
| #define HAVE_SYS_STAT_H 1
| #define HAVE_STDLIB_H 1
| #define HAVE_STRING_H 1
| #define HAVE_MEMORY_H 1
| #define HAVE_STRINGS_H 1
| #define HAVE_INTTYPES_H 1
| #define HAVE_STDINT_H 1
| #define HAVE_UNISTD_H 1
| #define HAVE_DLFCN_H 1
| #define LT_OBJDIR ".libs/"
| /* end confdefs.h.  */
| #include <ac_nonexistent.h>
configure:12379: checking for ld used by g++
configure:12446: result: /Library/Developer/CommandLineTools/usr/bin/ld
configure:12453: checking if the linker (/Library/Developer/CommandLineTools/usr/bin/ld) is GNU ld
configure:12468: result: no
configure:12523: checking whether the g++ linker (/Library/Developer/CommandLineTools/usr/bin/ld) supports shared libraries
configure:13528: result: yes
configure:13564: g++ -c -g -O2  conftest.cpp >&5
configure:13567: $? = 0
configure:14087: checking for g++ option to produce PIC
configure:14094: result: -fno-common -DPIC
configure:14102: checking if g++ PIC flag -fno-common -DPIC works
configure:14120: g++ -c -g -O2  -fno-common -DPIC -DPIC conftest.cpp >&5
configure:14124: $? = 0
configure:14137: result: yes
configure:14160: checking if g++ static flag -static works
configure:14188: result: no
configure:14200: checking if g++ supports -c -o file.o
configure:14221: g++ -c -g -O2  -o out/conftest2.o conftest.cpp >&5
configure:14225: $? = 0
configure:14247: result: yes
configure:14252: checking if g++ supports -c -o file.o
configure:14299: result: yes
configure:14329: checking whether the g++ linker (/Library/Developer/CommandLineTools/usr/bin/ld) supports shared libraries
configure:14368: result: yes
configure:14509: checking dynamic linker characteristics
configure:15188: result: darwin16.7.0 dyld
configure:15241: checking how to hardcode library paths into programs
configure:15266: result: immediate
configure:15331: checking for ANSI C header files
configure:15435: result: no
configure:15448: checking for string.h
configure:15448: result: yes
configure:15448: checking for stdlib.h
configure:15448: result: yes
configure:15448: checking for unistd.h
configure:15448: result: yes
configure:15448: checking fcntl.h usability
configure:15448: g++ -c -g -O2  conftest.cpp >&5
configure:15448: $? = 0
configure:15448: result: yes
configure:15448: checking fcntl.h presence
configure:15448: g++ -E  conftest.cpp
configure:15448: $? = 0
configure:15448: result: yes
configure:15448: checking for fcntl.h
configure:15448: result: yes
configure:15448: checking for sys/stat.h
configure:15448: result: yes
configure:15448: checking sys/mman.h usability
configure:15448: g++ -c -g -O2  conftest.cpp >&5
configure:15448: $? = 0
configure:15448: result: yes
configure:15448: checking sys/mman.h presence
configure:15448: g++ -E  conftest.cpp
configure:15448: $? = 0
configure:15448: result: yes
configure:15448: checking for sys/mman.h
configure:15448: result: yes
configure:15448: checking sys/times.h usability
configure:15448: g++ -c -g -O2  conftest.cpp >&5
configure:15448: $? = 0
configure:15448: result: yes
configure:15448: checking sys/times.h presence
configure:15448: g++ -E  conftest.cpp
configure:15448: $? = 0
configure:15448: result: yes
configure:15448: checking for sys/times.h
configure:15448: result: yes
configure:15448: checking ctype.h usability
configure:15448: g++ -c -g -O2  conftest.cpp >&5
configure:15448: $? = 0
configure:15448: result: yes
configure:15448: checking ctype.h presence
configure:15448: g++ -E  conftest.cpp
configure:15448: $? = 0
configure:15448: result: yes
configure:15448: checking for ctype.h
configure:15448: result: yes
configure:15448: checking for sys/types.h
configure:15448: result: yes
configure:15448: checking math.h usability
configure:15448: g++ -c -g -O2  conftest.cpp >&5
configure:15448: $? = 0
configure:15448: result: yes
configure:15448: checking math.h presence
configure:15448: g++ -E  conftest.cpp
configure:15448: $? = 0
configure:15448: result: yes
configure:15448: checking for math.h
configure:15448: result: yes
configure:15448: checking pthread.h usability
configure:15448: g++ -c -g -O2  conftest.cpp >&5
configure:15448: $? = 0
configure:15448: result: yes
configure:15448: checking pthread.h presence
configure:15448: g++ -E  conftest.cpp
configure:15448: $? = 0
configure:15448: result: yes
configure:15448: checking for pthread.h
configure:15448: result: yes
configure:15459: checking for size_t
configure:15459: g++ -c -g -O2  conftest.cpp >&5
configure:15459: $? = 0
configure:15459: g++ -c -g -O2  conftest.cpp >&5
conftest.cpp:69:21: error: expected expression
if (sizeof ((size_t)))
                    ^
1 error generated.
configure:15459: $? = 1
configure: failed program was:
| /* confdefs.h */
| #define PACKAGE_NAME ""
| #define PACKAGE_TARNAME ""
| #define PACKAGE_VERSION ""
| #define PACKAGE_STRING ""
| #define PACKAGE_BUGREPORT ""
| #define PACKAGE_URL ""
| #define PACKAGE "CRF++"
| #define VERSION "0.58"
| #define HAVE_SYS_TYPES_H 1
| #define HAVE_SYS_STAT_H 1
| #define HAVE_STDLIB_H 1
| #define HAVE_STRING_H 1
| #define HAVE_MEMORY_H 1
| #define HAVE_STRINGS_H 1
| #define HAVE_INTTYPES_H 1
| #define HAVE_STDINT_H 1
| #define HAVE_UNISTD_H 1
| #define HAVE_DLFCN_H 1
| #define LT_OBJDIR ".libs/"
| #define HAVE_STRING_H 1
| #define HAVE_STDLIB_H 1
| #define HAVE_UNISTD_H 1
| #define HAVE_FCNTL_H 1
| #define HAVE_SYS_STAT_H 1
| #define HAVE_SYS_MMAN_H 1
| #define HAVE_SYS_TIMES_H 1
| #define HAVE_CTYPE_H 1
| #define HAVE_SYS_TYPES_H 1
| #define HAVE_MATH_H 1
| #define HAVE_PTHREAD_H 1
| /* end confdefs.h.  */
| #include <stdio.h>
| #ifdef HAVE_SYS_TYPES_H
| # include <sys/types.h>
| #endif
| #ifdef HAVE_SYS_STAT_H
| # include <sys/stat.h>
| #endif
| #ifdef STDC_HEADERS
| # include <stdlib.h>
| # include <stddef.h>
| #else
| # ifdef HAVE_STDLIB_H
| #  include <stdlib.h>
| # endif
| #endif
| #ifdef HAVE_STRING_H
| # if !defined STDC_HEADERS && defined HAVE_MEMORY_H
| #  include <memory.h>
| # endif
| # include <string.h>
| #endif
| #ifdef HAVE_STRINGS_H
| # include <strings.h>
| #endif
| #ifdef HAVE_INTTYPES_H
| # include <inttypes.h>
| #endif
| #ifdef HAVE_STDINT_H
| # include <stdint.h>
| #endif
| #ifdef HAVE_UNISTD_H
| # include <unistd.h>
| #endif
| int
| main ()
| {
| if (sizeof ((size_t)))
| 	    return 0;
|   ;
|   return 0;
| }
configure:15459: result: yes
configure:15471: checking for pow in -lm
configure:15496: g++ -o conftest -g -O2   conftest.cpp -lm   >&5
configure:15496: $? = 0
configure:15505: result: yes
configure:15516: checking for exp in -lm
configure:15541: g++ -o conftest -g -O2   conftest.cpp -lm  -lm  >&5
configure:15541: $? = 0
configure:15550: result: yes
configure:15561: checking for log in -lm
configure:15586: g++ -o conftest -g -O2   conftest.cpp -lm  -lm -lm  >&5
configure:15586: $? = 0
configure:15595: result: yes
configure:15606: checking for pthread_create in -lpthread
configure:15631: g++ -o conftest -g -O2   conftest.cpp -lpthread  -lm -lm -lm  >&5
configure:15631: $? = 0
configure:15640: result: yes
configure:15651: checking for pthread_join in -lpthread
configure:15676: g++ -o conftest -g -O2   conftest.cpp -lpthread  -lpthread -lm -lm -lm  >&5
configure:15676: $? = 0
configure:15685: result: yes
configure:15702: checking for stdlib.h
configure:15702: result: yes
configure:15702: checking for unistd.h
configure:15702: result: yes
configure:15702: checking for sys/param.h
configure:15702: g++ -c -g -O2  conftest.cpp >&5
configure:15702: $? = 0
configure:15702: result: yes
configure:15722: checking for getpagesize
configure:15722: g++ -o conftest -g -O2   conftest.cpp -lpthread -lpthread -lm -lm -lm  >&5
configure:15722: $? = 0
configure:15722: result: yes
configure:15731: checking for working mmap
configure:15878: g++ -o conftest -g -O2   conftest.cpp -lpthread -lpthread -lm -lm -lm  >&5
configure:15878: $? = 0
configure:15878: ./conftest
configure:15878: $? = 0
configure:15888: result: yes
configure:15898: checking whether make is GNU Make
configure:15901: result: yes
configure:16167: checking if g++ supports stl <string> (required)
configure:16184: g++ -c -O3 -Wall  conftest.cpp >&5
configure:16184: $? = 0
configure:16196: result: yes
configure:16200: checking if g++ supports stl <vector> (required)
configure:16217: g++ -c -O3 -Wall  conftest.cpp >&5
configure:16217: $? = 0
configure:16229: result: yes
configure:16233: checking if g++ supports stl <map> (required)
configure:16250: g++ -c -O3 -Wall  conftest.cpp >&5
configure:16250: $? = 0
configure:16262: result: yes
configure:16266: checking if g++ supports stl <set> (required)
configure:16283: g++ -c -O3 -Wall  conftest.cpp >&5
configure:16283: $? = 0
configure:16295: result: yes
configure:16299: checking if g++ supports stl <iostream> (required)
configure:16316: g++ -c -O3 -Wall  conftest.cpp >&5
configure:16316: $? = 0
configure:16328: result: yes
configure:16332: checking if g++ supports stl <fstream> (required)
configure:16349: g++ -c -O3 -Wall  conftest.cpp >&5
configure:16349: $? = 0
configure:16361: result: yes
configure:16365: checking if g++ supports stl <sstream> (required)
configure:16382: g++ -c -O3 -Wall  conftest.cpp >&5
configure:16382: $? = 0
configure:16394: result: yes
configure:16398: checking if g++ supports stl <stdexcept> (required)
configure:16415: g++ -c -O3 -Wall  conftest.cpp >&5
configure:16415: $? = 0
configure:16427: result: yes
configure:16432: checking if g++ supports template <class T> (required)
configure:16451: g++ -c -O3 -Wall  conftest.cpp >&5
configure:16451: $? = 0
configure:16463: result: yes
configure:16467: checking if g++ supports const_cast<> (required)
configure:16485: g++ -c -O3 -Wall  conftest.cpp >&5
conftest.cpp:51:9: warning: unused variable 'c1' [-Wunused-variable]
   foo *c1=const_cast<foo*>(c);
        ^
1 warning generated.
configure:16485: $? = 0
configure:16497: result: yes
configure:16501: checking if g++ supports static_cast<> (required)
configure:16519: g++ -c -O3 -Wall  conftest.cpp >&5
conftest.cpp:51:10: warning: unused variable 'c1' [-Wunused-variable]
   void *c1 = static_cast<void *>(c);
         ^
1 warning generated.
configure:16519: $? = 0
configure:16531: result: yes
configure:16535: checking if g++ supports dynamic_cast<> (required)
configure:16554: g++ -c -O3 -Wall  conftest.cpp >&5
conftest.cpp:52:9: warning: unused variable 'c1' [-Wunused-variable]
   foo *c1 = dynamic_cast<foo *>(c);
        ^
1 warning generated.
configure:16554: $? = 0
configure:16566: result: yes
configure:16570: checking if g++ supports exception handler (required)
configure:16593: g++ -c -O3 -Wall  conftest.cpp >&5
conftest.cpp:51:11: warning: unused variable 'i' [-Wunused-variable]
      int i = 0;
          ^
1 warning generated.
configure:16593: $? = 0
configure:16605: result: yes
configure:16609: checking if g++ supports namespaces (required) 
configure:16627: g++ -c -O3 -Wall  conftest.cpp >&5
conftest.cpp:51:3: warning: unused variable 'a' [-Wunused-variable]
A a;
  ^
1 warning generated.
configure:16627: $? = 0
configure:16638: result: yes
configure:16642: checking if g++ supports __thread (optional)
configure:16659: g++ -c -O3 -Wall  conftest.cpp >&5
configure:16659: $? = 0
configure:16669: result: yes
configure:16682: checking if g++ supports _SC_NPROCESSORS_CONF (optional)
configure:16700: g++ -c -O3 -Wall  conftest.cpp >&5
configure:16700: $? = 0
configure:16710: result: yes
configure:16721: checking if g++ environment provides all required features
configure:16729: result: yes
configure:16871: creating ./config.status

## ---------------------- ##
## Running config.status. ##
## ---------------------- ##

This file was extended by config.status, which was
generated by GNU Autoconf 2.68.  Invocation command line was

  CONFIG_FILES    = 
  CONFIG_HEADERS  = 
  CONFIG_LINKS    = 
  CONFIG_COMMANDS = 
  $ ./config.status 

on Carolines-MacBook-Air.local

config.status:1172: creating Makefile
config.status:1172: creating Makefile.msvc
config.status:1172: creating swig/version.h
config.status:1172: creating config.h
config.status:1401: executing depfiles commands
config.status:1401: executing libtool commands

## ---------------- ##
## Cache variables. ##
## ---------------- ##

ac_cv_build=x86_64-apple-darwin16.7.0
ac_cv_c_compiler_gnu=yes
ac_cv_cxx_compiler_gnu=yes
ac_cv_env_CCC_set=
ac_cv_env_CCC_value=
ac_cv_env_CC_set=
ac_cv_env_CC_value=
ac_cv_env_CFLAGS_set=
ac_cv_env_CFLAGS_value=
ac_cv_env_CPPFLAGS_set=
ac_cv_env_CPPFLAGS_value=
ac_cv_env_CPP_set=
ac_cv_env_CPP_value=
ac_cv_env_CXXCPP_set=
ac_cv_env_CXXCPP_value=
ac_cv_env_CXXFLAGS_set=
ac_cv_env_CXXFLAGS_value=
ac_cv_env_CXX_set=
ac_cv_env_CXX_value=
ac_cv_env_LDFLAGS_set=
ac_cv_env_LDFLAGS_value=
ac_cv_env_LIBS_set=
ac_cv_env_LIBS_value=
ac_cv_env_build_alias_set=
ac_cv_env_build_alias_value=
ac_cv_env_host_alias_set=
ac_cv_env_host_alias_value=
ac_cv_env_target_alias_set=
ac_cv_env_target_alias_value=
ac_cv_func_getpagesize=yes
ac_cv_func_mmap_fixed_mapped=yes
ac_cv_header_ctype_h=yes
ac_cv_header_dlfcn_h=yes
ac_cv_header_fcntl_h=yes
ac_cv_header_inttypes_h=yes
ac_cv_header_math_h=yes
ac_cv_header_memory_h=yes
ac_cv_header_pthread_h=yes
ac_cv_header_stdc=no
ac_cv_header_stdint_h=yes
ac_cv_header_stdlib_h=yes
ac_cv_header_string_h=yes
ac_cv_header_strings_h=yes
ac_cv_header_sys_mman_h=yes
ac_cv_header_sys_param_h=yes
ac_cv_header_sys_stat_h=yes
ac_cv_header_sys_times_h=yes
ac_cv_header_sys_types_h=yes
ac_cv_header_unistd_h=yes
ac_cv_host=x86_64-apple-darwin16.7.0
ac_cv_lib_m_exp=yes
ac_cv_lib_m_log=yes
ac_cv_lib_m_pow=yes
ac_cv_lib_pthread_pthread_create=yes
ac_cv_lib_pthread_pthread_join=yes
ac_cv_objext=o
ac_cv_path_EGREP='/usr/bin/grep -E'
ac_cv_path_FGREP='/usr/bin/grep -F'
ac_cv_path_GREP=/usr/bin/grep
ac_cv_path_SED=/usr/bin/sed
ac_cv_path_install='/usr/bin/install -c'
ac_cv_prog_AWK=awk
ac_cv_prog_CPP='gcc -E'
ac_cv_prog_CXXCPP='g++ -E'
ac_cv_prog_ac_ct_AR=ar
ac_cv_prog_ac_ct_CC=gcc
ac_cv_prog_ac_ct_CXX=g++
ac_cv_prog_ac_ct_DSYMUTIL=dsymutil
ac_cv_prog_ac_ct_LIPO=lipo
ac_cv_prog_ac_ct_NMEDIT=nmedit
ac_cv_prog_ac_ct_OBJDUMP=objdump
ac_cv_prog_ac_ct_OTOOL=otool
ac_cv_prog_ac_ct_RANLIB=ranlib
ac_cv_prog_ac_ct_STRIP=strip
ac_cv_prog_cc_c89=
ac_cv_prog_cc_g=yes
ac_cv_prog_cxx_g=yes
ac_cv_prog_gcc_traditional=no
ac_cv_prog_make_make_set=yes
ac_cv_search_strerror='none required'
ac_cv_type_size_t=yes
am_cv_CC_dependencies_compiler_type=gcc3
am_cv_CXX_dependencies_compiler_type=gcc3
lt_cv_apple_cc_single_mod=yes
lt_cv_ar_at_file=no
lt_cv_deplibs_check_method=pass_all
lt_cv_file_magic_cmd='$MAGIC_CMD'
lt_cv_file_magic_test_file=
lt_cv_ld_exported_symbols_list=yes
lt_cv_ld_force_load=yes
lt_cv_ld_reload_flag=-r
lt_cv_nm_interface='BSD nm'
lt_cv_objdir=.libs
lt_cv_path_LD=/Library/Developer/CommandLineTools/usr/bin/ld
lt_cv_path_LDCXX=/Library/Developer/CommandLineTools/usr/bin/ld
lt_cv_path_NM='/usr/bin/nm -B'
lt_cv_path_mainfest_tool=no
lt_cv_prog_compiler_c_o=yes
lt_cv_prog_compiler_c_o_CXX=yes
lt_cv_prog_compiler_pic='-fno-common -DPIC'
lt_cv_prog_compiler_pic_CXX='-fno-common -DPIC'
lt_cv_prog_compiler_pic_works=yes
lt_cv_prog_compiler_pic_works_CXX=yes
lt_cv_prog_compiler_rtti_exceptions=yes
lt_cv_prog_compiler_static_works=no
lt_cv_prog_compiler_static_works_CXX=no
lt_cv_prog_gnu_ld=no
lt_cv_prog_gnu_ldcxx=no
lt_cv_sharedlib_from_linklib_cmd='printf %s\n'
lt_cv_sys_global_symbol_pipe='sed -n -e '\''s/^.*[	 ]\([BCDEGRST][BCDEGRST]*\)[	 ][	 ]*_\([_A-Za-z][_A-Za-z0-9]*\)$/\1 _\2 \2/p'\'' | sed '\''/ __gnu_lto/d'\'''
lt_cv_sys_global_symbol_to_c_name_address='sed -n -e '\''s/^: \([^ ]*\)[ ]*$/  {\"\1\", (void *) 0},/p'\'' -e '\''s/^[BCDEGRST]* \([^ ]*\) \([^ ]*\)$/  {"\2", (void *) \&\2},/p'\'''
lt_cv_sys_global_symbol_to_c_name_address_lib_prefix='sed -n -e '\''s/^: \([^ ]*\)[ ]*$/  {\"\1\", (void *) 0},/p'\'' -e '\''s/^[BCDEGRST]* \([^ ]*\) \(lib[^ ]*\)$/  {"\2", (void *) \&\2},/p'\'' -e '\''s/^[BCDEGRST]* \([^ ]*\) \([^ ]*\)$/  {"lib\2", (void *) \&\2},/p'\'''
lt_cv_sys_global_symbol_to_cdecl='sed -n -e '\''s/^T .* \(.*\)$/extern int \1();/p'\'' -e '\''s/^[BCDEGRST]* .* \(.*\)$/extern char \1;/p'\'''
lt_cv_sys_max_cmd_len=196608
lt_cv_to_host_file_cmd=func_convert_file_noop
lt_cv_to_tool_file_cmd=func_convert_file_noop

## ----------------- ##
## Output variables. ##
## ----------------- ##

ACLOCAL='${SHELL} /Users/caroline/Downloads/CRF++-0.58/missing --run aclocal-1.11'
AMDEPBACKSLASH='\'
AMDEP_FALSE='#'
AMDEP_TRUE=''
AMTAR='$${TAR-tar}'
AR='ar'
AUTOCONF='${SHELL} /Users/caroline/Downloads/CRF++-0.58/missing --run autoconf'
AUTOHEADER='${SHELL} /Users/caroline/Downloads/CRF++-0.58/missing --run autoheader'
AUTOMAKE='${SHELL} /Users/caroline/Downloads/CRF++-0.58/missing --run automake-1.11'
AWK='awk'
CC='gcc'
CCDEPMODE='depmode=gcc3'
CFLAGS='-O3 -Wall'
CPP='gcc -E'
CPPFLAGS=''
CXX='g++'
CXXCPP='g++ -E'
CXXDEPMODE='depmode=gcc3'
CXXFLAGS='-O3 -Wall'
CYGPATH_W='echo'
DEFS='-DHAVE_CONFIG_H'
DEPDIR='.deps'
DLLTOOL='false'
DSYMUTIL='dsymutil'
DUMPBIN=''
ECHO_C='\c'
ECHO_N=''
ECHO_T=''
EGREP='/usr/bin/grep -E'
EXEEXT=''
FGREP='/usr/bin/grep -F'
GREP='/usr/bin/grep'
INSTALL_DATA='${INSTALL} -m 644'
INSTALL_PROGRAM='${INSTALL}'
INSTALL_SCRIPT='${INSTALL}'
INSTALL_STRIP_PROGRAM='$(install_sh) -c -s'
LD='/Library/Developer/CommandLineTools/usr/bin/ld'
LDFLAGS=''
LIBOBJS=''
LIBS='-lpthread -lpthread -lm -lm -lm '
LIBTOOL='$(SHELL) $(top_builddir)/libtool'
LIPO='lipo'
LN_S='ln -s'
LTLIBOBJS=''
MAKEINFO='${SHELL} /Users/caroline/Downloads/CRF++-0.58/missing --run makeinfo'
MANIFEST_TOOL=':'
MKDIR_P='./install-sh -c -d'
NM='/usr/bin/nm -B'
NMEDIT='nmedit'
OBJDUMP='objdump'
OBJEXT='o'
OTOOL64=':'
OTOOL='otool'
PACKAGE='CRF++'
PACKAGE_BUGREPORT=''
PACKAGE_NAME=''
PACKAGE_STRING=''
PACKAGE_TARNAME=''
PACKAGE_URL=''
PACKAGE_VERSION=''
PATH_SEPARATOR=':'
RANLIB='ranlib'
SED='/usr/bin/sed'
SET_MAKE=''
SHELL='/bin/sh'
STRIP='strip'
VERSION='0.58'
ac_ct_AR='ar'
ac_ct_CC='gcc'
ac_ct_CXX='g++'
ac_ct_DUMPBIN=''
am__EXEEXT_FALSE=''
am__EXEEXT_TRUE='#'
am__fastdepCC_FALSE='#'
am__fastdepCC_TRUE=''
am__fastdepCXX_FALSE='#'
am__fastdepCXX_TRUE=''
am__include='include'
am__isrc=''
am__leading_dot='.'
am__nodep='_no'
am__quote=''
am__tar='$${TAR-tar} chof - "$$tardir"'
am__untar='$${TAR-tar} xf -'
bindir='${exec_prefix}/bin'
build='x86_64-apple-darwin16.7.0'
build_alias=''
build_cpu='x86_64'
build_os='darwin16.7.0'
build_vendor='apple'
datadir='${datarootdir}'
datarootdir='${prefix}/share'
docdir='${datarootdir}/doc/${PACKAGE}'
dvidir='${docdir}'
exec_prefix='${prefix}'
host='x86_64-apple-darwin16.7.0'
host_alias=''
host_cpu='x86_64'
host_os='darwin16.7.0'
host_vendor='apple'
htmldir='${docdir}'
includedir='${prefix}/include'
infodir='${datarootdir}/info'
install_sh='${SHELL} /Users/caroline/Downloads/CRF++-0.58/install-sh'
libdir='${exec_prefix}/lib'
libexecdir='${exec_prefix}/libexec'
localedir='${datarootdir}/locale'
localstatedir='${prefix}/var'
mandir='${datarootdir}/man'
mkdir_p='$(top_builddir)/./install-sh -c -d'
oldincludedir='/usr/include'
pdfdir='${docdir}'
prefix='/usr/local'
program_transform_name='s,x,x,'
psdir='${docdir}'
sbindir='${exec_prefix}/sbin'
sharedstatedir='${prefix}/com'
sysconfdir='${prefix}/etc'
target_alias=''

## ----------- ##
## confdefs.h. ##
## ----------- ##

/* confdefs.h */
#define PACKAGE_NAME ""
#define PACKAGE_TARNAME ""
#define PACKAGE_VERSION ""
#define PACKAGE_STRING ""
#define PACKAGE_BUGREPORT ""
#define PACKAGE_URL ""
#define PACKAGE "CRF++"
#define VERSION "0.58"
#define HAVE_SYS_TYPES_H 1
#define HAVE_SYS_STAT_H 1
#define HAVE_STDLIB_H 1
#define HAVE_STRING_H 1
#define HAVE_MEMORY_H 1
#define HAVE_STRINGS_H 1
#define HAVE_INTTYPES_H 1
#define HAVE_STDINT_H 1
#define HAVE_UNISTD_H 1
#define HAVE_DLFCN_H 1
#define LT_OBJDIR ".libs/"
#define HAVE_STRING_H 1
#define HAVE_STDLIB_H 1
#define HAVE_UNISTD_H 1
#define HAVE_FCNTL_H 1
#define HAVE_SYS_STAT_H 1
#define HAVE_SYS_MMAN_H 1
#define HAVE_SYS_TIMES_H 1
#define HAVE_CTYPE_H 1
#define HAVE_SYS_TYPES_H 1
#define HAVE_MATH_H 1
#define HAVE_PTHREAD_H 1
#define HAVE_LIBM 1
#define HAVE_LIBM 1
#define HAVE_LIBM 1
#define HAVE_LIBPTHREAD 1
#define HAVE_LIBPTHREAD 1
#define HAVE_STDLIB_H 1
#define HAVE_UNISTD_H 1
#define HAVE_SYS_PARAM_H 1
#define HAVE_GETPAGESIZE 1
#define HAVE_MMAP 1
#define HAVE_TLS_KEYWORD 1
#define HAVE_SYS_CONF_SC_NPROCESSORS_CONF 1

configure: exit 0
